{"C:\\Users\\Tomas\\Desktop\\proyectos\\challenges\\challenge-andreani\\src\\App.tsx": {"path":"C:\\Users\\Tomas\\Desktop\\proyectos\\challenges\\challenge-andreani\\src\\App.tsx","statementMap":{"0":{"start":{"line":7,"column":17},"end":{"line":7,"column":60}},"1":{"start":{"line":9,"column":2},"end":{"line":13,"column":3}}},"fnMap":{"0":{"name":"App","decl":{"start":{"line":5,"column":9},"end":{"line":5,"column":12}},"loc":{"start":{"line":5,"column":15},"end":{"line":14,"column":1}},"line":5}},"branchMap":{},"s":{"0":1,"1":1},"f":{"0":1},"b":{},"_coverageSchema":"1a1c01bbd47fc00a2c39e90264f33305004495a9","hash":"2369a717ee1f80305f13aedf819ff9416ccb7607"}
,"C:\\Users\\Tomas\\Desktop\\proyectos\\challenges\\challenge-andreani\\src\\components\\Card\\Card.tsx": {"path":"C:\\Users\\Tomas\\Desktop\\proyectos\\challenges\\challenge-andreani\\src\\components\\Card\\Card.tsx","statementMap":{"0":{"start":{"line":21,"column":22},"end":{"line":21,"column":34}},"1":{"start":{"line":23,"column":38},"end":{"line":23,"column":53}},"2":{"start":{"line":24,"column":36},"end":{"line":24,"column":48}},"3":{"start":{"line":26,"column":23},"end":{"line":29,"column":5}},"4":{"start":{"line":27,"column":8},"end":{"line":27,"column":27}},"5":{"start":{"line":28,"column":8},"end":{"line":28,"column":69}},"6":{"start":{"line":30,"column":27},"end":{"line":30,"column":85}},"7":{"start":{"line":30,"column":67},"end":{"line":30,"column":85}},"8":{"start":{"line":32,"column":28},"end":{"line":32,"column":134}},"9":{"start":{"line":32,"column":86},"end":{"line":32,"column":132}},"10":{"start":{"line":34,"column":20},"end":{"line":47,"column":5}},"11":{"start":{"line":36,"column":19},"end":{"line":36,"column":35}},"12":{"start":{"line":37,"column":31},"end":{"line":41,"column":9}},"13":{"start":{"line":44,"column":8},"end":{"line":44,"column":44}},"14":{"start":{"line":44,"column":25},"end":{"line":44,"column":43}},"15":{"start":{"line":46,"column":8},"end":{"line":46,"column":23}},"16":{"start":{"line":49,"column":4},"end":{"line":110,"column":5}},"17":{"start":{"line":54,"column":27},"end":{"line":54,"column":40}},"18":{"start":{"line":63,"column":24},"end":{"line":69,"column":25}},"19":{"start":{"line":82,"column":32},"end":{"line":82,"column":51}},"20":{"start":{"line":83,"column":32},"end":{"line":83,"column":55}},"21":{"start":{"line":86,"column":45},"end":{"line":86,"column":72}},"22":{"start":{"line":96,"column":55},"end":{"line":96,"column":74}}},"fnMap":{"0":{"name":"Card","decl":{"start":{"line":19,"column":24},"end":{"line":19,"column":28}},"loc":{"start":{"line":19,"column":114},"end":{"line":112,"column":1}},"line":19},"1":{"name":"(anonymous_1)","decl":{"start":{"line":26,"column":23},"end":{"line":26,"column":24}},"loc":{"start":{"line":26,"column":63},"end":{"line":29,"column":5}},"line":26},"2":{"name":"(anonymous_2)","decl":{"start":{"line":30,"column":27},"end":{"line":30,"column":28}},"loc":{"start":{"line":30,"column":67},"end":{"line":30,"column":85}},"line":30},"3":{"name":"(anonymous_3)","decl":{"start":{"line":32,"column":28},"end":{"line":32,"column":29}},"loc":{"start":{"line":32,"column":84},"end":{"line":32,"column":134}},"line":32},"4":{"name":"(anonymous_4)","decl":{"start":{"line":34,"column":20},"end":{"line":34,"column":21}},"loc":{"start":{"line":34,"column":26},"end":{"line":47,"column":5}},"line":34},"5":{"name":"(anonymous_5)","decl":{"start":{"line":44,"column":17},"end":{"line":44,"column":18}},"loc":{"start":{"line":44,"column":25},"end":{"line":44,"column":43}},"line":44},"6":{"name":"(anonymous_6)","decl":{"start":{"line":54,"column":20},"end":{"line":54,"column":21}},"loc":{"start":{"line":54,"column":27},"end":{"line":54,"column":40}},"line":54},"7":{"name":"(anonymous_7)","decl":{"start":{"line":62,"column":30},"end":{"line":62,"column":31}},"loc":{"start":{"line":62,"column":35},"end":{"line":70,"column":21}},"line":62},"8":{"name":"(anonymous_8)","decl":{"start":{"line":81,"column":37},"end":{"line":81,"column":38}},"loc":{"start":{"line":81,"column":42},"end":{"line":84,"column":29}},"line":81},"9":{"name":"(anonymous_9)","decl":{"start":{"line":86,"column":38},"end":{"line":86,"column":39}},"loc":{"start":{"line":86,"column":45},"end":{"line":86,"column":72}},"line":86},"10":{"name":"(anonymous_10)","decl":{"start":{"line":96,"column":49},"end":{"line":96,"column":50}},"loc":{"start":{"line":96,"column":55},"end":{"line":96,"column":74}},"line":96}},"branchMap":{"0":{"loc":{"start":{"line":64,"column":28},"end":{"line":68,"column":29}},"type":"binary-expr","locations":[{"start":{"line":64,"column":28},"end":{"line":64,"column":47}},{"start":{"line":67,"column":32},"end":{"line":67,"column":94}}],"line":64},"1":{"loc":{"start":{"line":73,"column":39},"end":{"line":73,"column":100}},"type":"cond-expr","locations":[{"start":{"line":73,"column":80},"end":{"line":73,"column":91}},{"start":{"line":73,"column":94},"end":{"line":73,"column":100}}],"line":73},"2":{"loc":{"start":{"line":73,"column":40},"end":{"line":73,"column":76}},"type":"binary-expr","locations":[{"start":{"line":73,"column":40},"end":{"line":73,"column":49}},{"start":{"line":73,"column":53},"end":{"line":73,"column":76}}],"line":73},"3":{"loc":{"start":{"line":79,"column":41},"end":{"line":79,"column":119}},"type":"cond-expr","locations":[{"start":{"line":79,"column":82},"end":{"line":79,"column":102}},{"start":{"line":79,"column":105},"end":{"line":79,"column":119}}],"line":79},"4":{"loc":{"start":{"line":79,"column":42},"end":{"line":79,"column":78}},"type":"binary-expr","locations":[{"start":{"line":79,"column":42},"end":{"line":79,"column":51}},{"start":{"line":79,"column":55},"end":{"line":79,"column":78}}],"line":79},"5":{"loc":{"start":{"line":90,"column":24},"end":{"line":103,"column":25}},"type":"binary-expr","locations":[{"start":{"line":90,"column":25},"end":{"line":90,"column":34}},{"start":{"line":90,"column":38},"end":{"line":90,"column":61}},{"start":{"line":91,"column":28},"end":{"line":101,"column":34}}],"line":90}},"s":{"0":9,"1":9,"2":9,"3":9,"4":0,"5":0,"6":9,"7":0,"8":9,"9":0,"10":9,"11":0,"12":0,"13":0,"14":0,"15":0,"16":9,"17":0,"18":36,"19":0,"20":0,"21":0,"22":0},"f":{"0":9,"1":0,"2":0,"3":0,"4":0,"5":0,"6":0,"7":36,"8":0,"9":0,"10":0},"b":{"0":[36,12],"1":[0,9],"2":[9,0],"3":[0,9],"4":[9,0],"5":[9,0,0]},"_coverageSchema":"1a1c01bbd47fc00a2c39e90264f33305004495a9","hash":"8fd8008ee1bb0ee634a2c444092130c5ab3bb01a"}
,"C:\\Users\\Tomas\\Desktop\\proyectos\\challenges\\challenge-andreani\\src\\components\\Kanban\\Kanban.tsx": {"path":"C:\\Users\\Tomas\\Desktop\\proyectos\\challenges\\challenge-andreani\\src\\components\\Kanban\\Kanban.tsx","statementMap":{"0":{"start":{"line":12,"column":30},"end":{"line":31,"column":7}},"1":{"start":{"line":32,"column":44},"end":{"line":32,"column":56}},"2":{"start":{"line":34,"column":29},"end":{"line":40,"column":5}},"3":{"start":{"line":35,"column":19},"end":{"line":35,"column":53}},"4":{"start":{"line":35,"column":38},"end":{"line":35,"column":52}},"5":{"start":{"line":36,"column":8},"end":{"line":39,"column":9}},"6":{"start":{"line":37,"column":12},"end":{"line":37,"column":33}},"7":{"start":{"line":38,"column":12},"end":{"line":38,"column":80}},"8":{"start":{"line":38,"column":30},"end":{"line":38,"column":77}},"9":{"start":{"line":38,"column":61},"end":{"line":38,"column":75}},"10":{"start":{"line":42,"column":4},"end":{"line":65,"column":5}},"11":{"start":{"line":47,"column":20},"end":{"line":58,"column":21}}},"fnMap":{"0":{"name":"Kanban","decl":{"start":{"line":11,"column":24},"end":{"line":11,"column":30}},"loc":{"start":{"line":11,"column":50},"end":{"line":66,"column":1}},"line":11},"1":{"name":"(anonymous_1)","decl":{"start":{"line":34,"column":29},"end":{"line":34,"column":30}},"loc":{"start":{"line":34,"column":61},"end":{"line":40,"column":5}},"line":34},"2":{"name":"(anonymous_2)","decl":{"start":{"line":35,"column":30},"end":{"line":35,"column":31}},"loc":{"start":{"line":35,"column":38},"end":{"line":35,"column":52}},"line":35},"3":{"name":"(anonymous_3)","decl":{"start":{"line":38,"column":21},"end":{"line":38,"column":22}},"loc":{"start":{"line":38,"column":30},"end":{"line":38,"column":77}},"line":38},"4":{"name":"(anonymous_4)","decl":{"start":{"line":38,"column":53},"end":{"line":38,"column":54}},"loc":{"start":{"line":38,"column":61},"end":{"line":38,"column":75}},"line":38},"5":{"name":"(anonymous_5)","decl":{"start":{"line":46,"column":27},"end":{"line":46,"column":28}},"loc":{"start":{"line":46,"column":37},"end":{"line":59,"column":17}},"line":46}},"branchMap":{"0":{"loc":{"start":{"line":36,"column":8},"end":{"line":39,"column":9}},"type":"if","locations":[{"start":{"line":36,"column":8},"end":{"line":39,"column":9}},{"start":{},"end":{}}],"line":36},"1":{"loc":{"start":{"line":36,"column":12},"end":{"line":36,"column":42}},"type":"binary-expr","locations":[{"start":{"line":36,"column":12},"end":{"line":36,"column":16}},{"start":{"line":36,"column":20},"end":{"line":36,"column":42}}],"line":36}},"s":{"0":3,"1":3,"2":3,"3":0,"4":0,"5":0,"6":0,"7":0,"8":0,"9":0,"10":3,"11":9},"f":{"0":3,"1":0,"2":0,"3":0,"4":0,"5":9},"b":{"0":[0,0],"1":[0,0]},"_coverageSchema":"1a1c01bbd47fc00a2c39e90264f33305004495a9","hash":"b99b290857c67dbfd1d7874ec7c2543b576b31ae"}
,"C:\\Users\\Tomas\\Desktop\\proyectos\\challenges\\challenge-andreani\\src\\components\\Task\\Task.tsx": {"path":"C:\\Users\\Tomas\\Desktop\\proyectos\\challenges\\challenge-andreani\\src\\components\\Task\\Task.tsx","statementMap":{"0":{"start":{"line":12,"column":4},"end":{"line":21,"column":5}},"1":{"start":{"line":16,"column":32},"end":{"line":16,"column":59}}},"fnMap":{"0":{"name":"Task","decl":{"start":{"line":10,"column":24},"end":{"line":10,"column":28}},"loc":{"start":{"line":10,"column":63},"end":{"line":22,"column":1}},"line":10},"1":{"name":"(anonymous_1)","decl":{"start":{"line":16,"column":25},"end":{"line":16,"column":26}},"loc":{"start":{"line":16,"column":32},"end":{"line":16,"column":59}},"line":16}},"branchMap":{},"s":{"0":12,"1":0},"f":{"0":12,"1":0},"b":{},"_coverageSchema":"1a1c01bbd47fc00a2c39e90264f33305004495a9","hash":"554f86f223dc0f93eafded5de1228cc45ea3e344"}
}
