TN:
SF:src\App.tsx
FN:5,App
FNF:1
FNH:1
FNDA:1,App
DA:7,1
DA:9,1
LF:2
LH:2
BRF:0
BRH:0
end_of_record
TN:
SF:src\components\Card\Card.tsx
FN:19,Card
FN:26,(anonymous_1)
FN:30,(anonymous_2)
FN:32,(anonymous_3)
FN:34,(anonymous_4)
FN:44,(anonymous_5)
FN:54,(anonymous_6)
FN:62,(anonymous_7)
FN:81,(anonymous_8)
FN:86,(anonymous_9)
FN:96,(anonymous_10)
FNF:11
FNH:2
FNDA:9,Card
FNDA:0,(anonymous_1)
FNDA:0,(anonymous_2)
FNDA:0,(anonymous_3)
FNDA:0,(anonymous_4)
FNDA:0,(anonymous_5)
FNDA:0,(anonymous_6)
FNDA:36,(anonymous_7)
FNDA:0,(anonymous_8)
FNDA:0,(anonymous_9)
FNDA:0,(anonymous_10)
DA:21,9
DA:23,9
DA:24,9
DA:26,9
DA:27,0
DA:28,0
DA:30,9
DA:32,9
DA:34,9
DA:36,0
DA:37,0
DA:44,0
DA:46,0
DA:49,9
DA:54,0
DA:63,36
DA:82,0
DA:83,0
DA:86,0
DA:96,0
LF:20
LH:9
BRDA:64,0,0,36
BRDA:64,0,1,12
BRDA:73,1,0,0
BRDA:73,1,1,9
BRDA:73,2,0,9
BRDA:73,2,1,0
BRDA:79,3,0,0
BRDA:79,3,1,9
BRDA:79,4,0,9
BRDA:79,4,1,0
BRDA:90,5,0,9
BRDA:90,5,1,0
BRDA:90,5,2,0
BRF:13
BRH:7
end_of_record
TN:
SF:src\components\Kanban\Kanban.tsx
FN:11,Kanban
FN:34,(anonymous_1)
FN:35,(anonymous_2)
FN:38,(anonymous_3)
FN:38,(anonymous_4)
FN:46,(anonymous_5)
FNF:6
FNH:2
FNDA:3,Kanban
FNDA:0,(anonymous_1)
FNDA:0,(anonymous_2)
FNDA:0,(anonymous_3)
FNDA:0,(anonymous_4)
FNDA:9,(anonymous_5)
DA:12,3
DA:32,3
DA:34,3
DA:35,0
DA:36,0
DA:37,0
DA:38,0
DA:42,3
DA:47,9
LF:9
LH:5
BRDA:36,0,0,0
BRDA:36,0,1,0
BRDA:36,1,0,0
BRDA:36,1,1,0
BRF:4
BRH:0
end_of_record
TN:
SF:src\components\Task\Task.tsx
FN:10,Task
FN:16,(anonymous_1)
FNF:2
FNH:1
FNDA:12,Task
FNDA:0,(anonymous_1)
DA:12,12
DA:16,0
LF:2
LH:1
BRF:0
BRH:0
end_of_record
